# JRE version: OpenJDK Runtime Environment (8.0_152-b01) (build 1.8.0_152-release-915-b01)
# Java VM: OpenJDK 64-Bit Server VM (25.152-b01 mixed mode windows-amd64 compressed oops)
Heap:
 PSYoungGen      total 112128K, used 105928K [0x00000000d5580000, 0x00000000dfb00000, 0x0000000100000000)
  eden space 96768K, 93% used [0x00000000d5580000,0x00000000dae15530,0x00000000db400000)
  from space 15360K, 99% used [0x00000000db400000,0x00000000dc2dcb78,0x00000000dc300000)
  to   space 17920K, 0% used [0x00000000de980000,0x00000000de980000,0x00000000dfb00000)
 ParOldGen       total 57856K, used 29594K [0x0000000080000000, 0x0000000083880000, 0x00000000d5580000)
  object space 57856K, 51% used [0x0000000080000000,0x0000000081ce6ad8,0x0000000083880000)
 Metaspace       used 55637K, capacity 57778K, committed 58072K, reserved 1099776K
  class space    used 7624K, capacity 8176K, committed 8192K, reserved 1048576K
GC Heap History (10 events):
Event: 10.226 GC heap before
{Heap before GC invocations=13 (full 2):
 PSYoungGen      total 70656K, used 9719K [0x00000000d5580000, 0x00000000db680000, 0x0000000100000000)
  eden space 60928K, 0% used [0x00000000d5580000,0x00000000d5580000,0x00000000d9100000)
  from space 9728K, 99% used [0x00000000d9100000,0x00000000d9a7de78,0x00000000d9a80000)
  to   space 11264K, 0% used [0x00000000dab80000,0x00000000dab80000,0x00000000db680000)
 ParOldGen       total 36864K, used 9741K [0x0000000080000000, 0x0000000082400000, 0x00000000d5580000)
  object space 36864K, 26% used [0x0000000080000000,0x0000000080983798,0x0000000082400000)
 Metaspace       used 34370K, capacity 35188K, committed 35416K, reserved 1079296K
  class space    used 4687K, capacity 4974K, committed 4992K, reserved 1048576K
Event: 10.307 GC heap after
Heap after GC invocations=13 (full 2):
 PSYoungGen      total 70656K, used 0K [0x00000000d5580000, 0x00000000db680000, 0x0000000100000000)
  eden space 60928K, 0% used [0x00000000d5580000,0x00000000d5580000,0x00000000d9100000)
  from space 9728K, 0% used [0x00000000d9100000,0x00000000d9100000,0x00000000d9a80000)
  to   space 11264K, 0% used [0x00000000dab80000,0x00000000dab80000,0x00000000db680000)
 ParOldGen       total 57856K, used 16233K [0x0000000080000000, 0x0000000083880000, 0x00000000d5580000)
  object space 57856K, 28% used [0x0000000080000000,0x0000000080fda790,0x0000000083880000)
 Metaspace       used 34370K, capacity 35188K, committed 35416K, reserved 1079296K
  class space    used 4687K, capacity 4974K, committed 4992K, reserved 1048576K
}
Event: 10.987 GC heap before
{Heap before GC invocations=14 (full 2):
 PSYoungGen      total 70656K, used 60928K [0x00000000d5580000, 0x00000000db680000, 0x0000000100000000)
  eden space 60928K, 100% used [0x00000000d5580000,0x00000000d9100000,0x00000000d9100000)
  from space 9728K, 0% used [0x00000000d9100000,0x00000000d9100000,0x00000000d9a80000)
  to   space 11264K, 0% used [0x00000000dab80000,0x00000000dab80000,0x00000000db680000)
 ParOldGen       total 57856K, used 16233K [0x0000000080000000, 0x0000000083880000, 0x00000000d5580000)
  object space 57856K, 28% used [0x0000000080000000,0x0000000080fda790,0x0000000083880000)
 Metaspace       used 38739K, capacity 39496K, committed 39896K, reserved 1083392K
  class space    used 5231K, capacity 5559K, committed 5632K, reserved 1048576K
Event: 10.994 GC heap after
Heap after GC invocations=14 (full 2):
 PSYoungGen      total 88064K, used 5180K [0x00000000d5580000, 0x00000000db600000, 0x0000000100000000)
  eden space 77312K, 0% used [0x00000000d5580000,0x00000000d5580000,0x00000000da100000)
  from space 10752K, 48% used [0x00000000dab80000,0x00000000db08f240,0x00000000db600000)
  to   space 10752K, 0% used [0x00000000da100000,0x00000000da100000,0x00000000dab80000)
 ParOldGen       total 57856K, used 16241K [0x0000000080000000, 0x0000000083880000, 0x00000000d5580000)
  object space 57856K, 28% used [0x0000000080000000,0x0000000080fdc790,0x0000000083880000)
 Metaspace       used 38739K, capacity 39496K, committed 39896K, reserved 1083392K
  class space    used 5231K, capacity 5559K, committed 5632K, reserved 1048576K
}
Event: 12.263 GC heap before
{Heap before GC invocations=15 (full 2):
 PSYoungGen      total 88064K, used 82492K [0x00000000d5580000, 0x00000000db600000, 0x0000000100000000)
  eden space 77312K, 100% used [0x00000000d5580000,0x00000000da100000,0x00000000da100000)
  from space 10752K, 48% used [0x00000000dab80000,0x00000000db08f240,0x00000000db600000)
  to   space 10752K, 0% used [0x00000000da100000,0x00000000da100000,0x00000000dab80000)
 ParOldGen       total 57856K, used 16241K [0x0000000080000000, 0x0000000083880000, 0x00000000d5580000)
  object space 57856K, 28% used [0x0000000080000000,0x0000000080fdc790,0x0000000083880000)
 Metaspace       used 46648K, capacity 47716K, committed 47960K, reserved 1091584K
  class space    used 6283K, capacity 6660K, committed 6784K, reserved 1048576K
Event: 12.281 GC heap after
Heap after GC invocations=15 (full 2):
 PSYoungGen      total 88064K, used 10725K [0x00000000d5580000, 0x00000000dcf80000, 0x0000000100000000)
  eden space 77312K, 0% used [0x00000000d5580000,0x00000000d5580000,0x00000000da100000)
  from space 10752K, 99% used [0x00000000da100000,0x00000000dab79578,0x00000000dab80000)
  to   space 12800K, 0% used [0x00000000dc300000,0x00000000dc300000,0x00000000dcf80000)
 ParOldGen       total 57856K, used 17652K [0x0000000080000000, 0x0000000083880000, 0x00000000d5580000)
  object space 57856K, 30% used [0x0000000080000000,0x000000008113d280,0x0000000083880000)
 Metaspace       used 46648K, capacity 47716K, committed 47960K, reserved 1091584K
  class space    used 6283K, capacity 6660K, committed 6784K, reserved 1048576K
}
Event: 13.318 GC heap before
{Heap before GC invocations=16 (full 2):
 PSYoungGen      total 88064K, used 88037K [0x00000000d5580000, 0x00000000dcf80000, 0x0000000100000000)
  eden space 77312K, 100% used [0x00000000d5580000,0x00000000da100000,0x00000000da100000)
  from space 10752K, 99% used [0x00000000da100000,0x00000000dab79578,0x00000000dab80000)
  to   space 12800K, 0% used [0x00000000dc300000,0x00000000dc300000,0x00000000dcf80000)
 ParOldGen       total 57856K, used 17652K [0x0000000080000000, 0x0000000083880000, 0x00000000d5580000)
  object space 57856K, 30% used [0x0000000080000000,0x000000008113d280,0x0000000083880000)
 Metaspace       used 51453K, capacity 53198K, committed 53336K, reserved 1095680K
  class space    used 6989K, capacity 7491K, committed 7552K, reserved 1048576K
Event: 13.344 GC heap after
Heap after GC invocations=16 (full 2):
 PSYoungGen      total 109568K, used 12791K [0x00000000d5580000, 0x00000000dd780000, 0x0000000100000000)
  eden space 96768K, 0% used [0x00000000d5580000,0x00000000d5580000,0x00000000db400000)
  from space 12800K, 99% used [0x00000000dc300000,0x00000000dcf7dc68,0x00000000dcf80000)
  to   space 15360K, 0% used [0x00000000db400000,0x00000000db400000,0x00000000dc300000)
 ParOldGen       total 57856K, used 20713K [0x0000000080000000, 0x0000000083880000, 0x00000000d5580000)
  object space 57856K, 35% used [0x0000000080000000,0x000000008143a7a0,0x0000000083880000)
 Metaspace       used 51453K, capacity 53198K, committed 53336K, reserved 1095680K
  class space    used 6989K, capacity 7491K, committed 7552K, reserved 1048576K
}
Event: 14.272 GC heap before
{Heap before GC invocations=17 (full 2):
 PSYoungGen      total 109568K, used 109559K [0x00000000d5580000, 0x00000000dd780000, 0x0000000100000000)
  eden space 96768K, 100% used [0x00000000d5580000,0x00000000db400000,0x00000000db400000)
  from space 12800K, 99% used [0x00000000dc300000,0x00000000dcf7dc68,0x00000000dcf80000)
  to   space 15360K, 0% used [0x00000000db400000,0x00000000db400000,0x00000000dc300000)
 ParOldGen       total 57856K, used 20713K [0x0000000080000000, 0x0000000083880000, 0x00000000d5580000)
  object space 57856K, 35% used [0x0000000080000000,0x000000008143a7a0,0x0000000083880000)
 Metaspace       used 54113K, capacity 56260K, committed 56408K, reserved 1097728K
  class space    used 7440K, capacity 7966K, committed 8064K, reserved 1048576K
Event: 14.312 GC heap after
Heap after GC invocations=17 (full 2):
 PSYoungGen      total 112128K, used 15218K [0x00000000d5580000, 0x00000000dfb00000, 0x0000000100000000)
  eden space 96768K, 0% used [0x00000000d5580000,0x00000000d5580000,0x00000000db400000)
  from space 15360K, 99% used [0x00000000db400000,0x00000000dc2dcb78,0x00000000dc300000)
  to   space 17920K, 0% used [0x00000000de980000,0x00000000de980000,0x00000000dfb00000)
 ParOldGen       total 57856K, used 29594K [0x0000000080000000, 0x0000000083880000, 0x00000000d5580000)
  object space 57856K, 51% used [0x0000000080000000,0x0000000081ce6ad8,0x0000000083880000)
 Metaspace       used 54113K, capacity 56260K, committed 56408K, reserved 1097728K
  class space    used 7440K, capacity 7966K, committed 8064K, reserved 1048576K
}

