# JRE version: OpenJDK Runtime Environment (8.0_152-b01) (build 1.8.0_152-release-915-b01)
# Java VM: OpenJDK 64-Bit Server VM (25.152-b01 mixed mode windows-amd64 compressed oops)
Heap:
 PSYoungGen      total 404992K, used 356376K [0x00000000d5580000, 0x00000000f0700000, 0x0000000100000000)
  eden space 369152K, 93% used [0x00000000d5580000,0x00000000ea4dfb10,0x00000000ebe00000)
  from space 35840K, 36% used [0x00000000ee400000,0x00000000ef0a6828,0x00000000f0700000)
  to   space 37376K, 0% used [0x00000000ebe00000,0x00000000ebe00000,0x00000000ee280000)
 ParOldGen       total 166400K, used 87235K [0x0000000080000000, 0x000000008a280000, 0x00000000d5580000)
  object space 166400K, 52% used [0x0000000080000000,0x0000000085530ff0,0x000000008a280000)
 Metaspace       used 86485K, capacity 89084K, committed 89304K, reserved 1126400K
  class space    used 10912K, capacity 11487K, committed 11520K, reserved 1048576K
GC Heap History (10 events):
Event: 38.347 GC heap before
{Heap before GC invocations=26 (full 4):
 PSYoungGen      total 231424K, used 189513K [0x00000000d5580000, 0x00000000e9500000, 0x0000000100000000)
  eden space 189952K, 99% used [0x00000000d5580000,0x00000000e0e7a588,0x00000000e0f00000)
  from space 41472K, 0% used [0x00000000e0f00000,0x00000000e0f18000,0x00000000e3780000)
  to   space 41472K, 0% used [0x00000000e6c80000,0x00000000e6c80000,0x00000000e9500000)
 ParOldGen       total 166400K, used 78588K [0x0000000080000000, 0x000000008a280000, 0x00000000d5580000)
  object space 166400K, 47% used [0x0000000080000000,0x0000000084cbf398,0x000000008a280000)
 Metaspace       used 64318K, capacity 66230K, committed 66520K, reserved 1107968K
  class space    used 8407K, capacity 8870K, committed 8960K, reserved 1048576K
Event: 38.349 GC heap after
Heap after GC invocations=26 (full 4):
 PSYoungGen      total 286208K, used 128K [0x00000000d5580000, 0x00000000e9680000, 0x0000000100000000)
  eden space 244736K, 0% used [0x00000000d5580000,0x00000000d5580000,0x00000000e4480000)
  from space 41472K, 0% used [0x00000000e6c80000,0x00000000e6ca0000,0x00000000e9500000)
  to   space 40960K, 0% used [0x00000000e4480000,0x00000000e4480000,0x00000000e6c80000)
 ParOldGen       total 166400K, used 78612K [0x0000000080000000, 0x000000008a280000, 0x00000000d5580000)
  object space 166400K, 47% used [0x0000000080000000,0x0000000084cc5398,0x000000008a280000)
 Metaspace       used 64318K, capacity 66230K, committed 66520K, reserved 1107968K
  class space    used 8407K, capacity 8870K, committed 8960K, reserved 1048576K
}
Event: 59.465 GC heap before
{Heap before GC invocations=27 (full 4):
 PSYoungGen      total 286208K, used 244864K [0x00000000d5580000, 0x00000000e9680000, 0x0000000100000000)
  eden space 244736K, 100% used [0x00000000d5580000,0x00000000e4480000,0x00000000e4480000)
  from space 41472K, 0% used [0x00000000e6c80000,0x00000000e6ca0000,0x00000000e9500000)
  to   space 40960K, 0% used [0x00000000e4480000,0x00000000e4480000,0x00000000e6c80000)
 ParOldGen       total 166400K, used 78612K [0x0000000080000000, 0x000000008a280000, 0x00000000d5580000)
  object space 166400K, 47% used [0x0000000080000000,0x0000000084cc5398,0x000000008a280000)
 Metaspace       used 67241K, capacity 69410K, committed 69592K, reserved 1110016K
  class space    used 8720K, capacity 9214K, committed 9216K, reserved 1048576K
Event: 59.478 GC heap after
Heap after GC invocations=27 (full 4):
 PSYoungGen      total 285696K, used 5061K [0x00000000d5580000, 0x00000000ed380000, 0x0000000100000000)
  eden space 244736K, 0% used [0x00000000d5580000,0x00000000d5580000,0x00000000e4480000)
  from space 40960K, 12% used [0x00000000e4480000,0x00000000e4971678,0x00000000e6c80000)
  to   space 39424K, 0% used [0x00000000ead00000,0x00000000ead00000,0x00000000ed380000)
 ParOldGen       total 166400K, used 78644K [0x0000000080000000, 0x000000008a280000, 0x00000000d5580000)
  object space 166400K, 47% used [0x0000000080000000,0x0000000084ccd398,0x000000008a280000)
 Metaspace       used 67241K, capacity 69410K, committed 69592K, reserved 1110016K
  class space    used 8720K, capacity 9214K, committed 9216K, reserved 1048576K
}
Event: 69.885 GC heap before
{Heap before GC invocations=28 (full 4):
 PSYoungGen      total 285696K, used 235908K [0x00000000d5580000, 0x00000000ed380000, 0x0000000100000000)
  eden space 244736K, 94% used [0x00000000d5580000,0x00000000e36efc38,0x00000000e4480000)
  from space 40960K, 12% used [0x00000000e4480000,0x00000000e4971678,0x00000000e6c80000)
  to   space 39424K, 0% used [0x00000000ead00000,0x00000000ead00000,0x00000000ed380000)
 ParOldGen       total 166400K, used 78644K [0x0000000080000000, 0x000000008a280000, 0x00000000d5580000)
  object space 166400K, 47% used [0x0000000080000000,0x0000000084ccd398,0x000000008a280000)
 Metaspace       used 80699K, capacity 82996K, committed 83288K, reserved 1122304K
  class space    used 10301K, capacity 10817K, committed 10880K, reserved 1048576K
Event: 69.912 GC heap after
Heap after GC invocations=28 (full 4):
 PSYoungGen      total 345600K, used 28196K [0x00000000d5580000, 0x00000000ed380000, 0x0000000100000000)
  eden space 306176K, 0% used [0x00000000d5580000,0x00000000d5580000,0x00000000e8080000)
  from space 39424K, 71% used [0x00000000ead00000,0x00000000ec889330,0x00000000ed380000)
  to   space 42496K, 0% used [0x00000000e8080000,0x00000000e8080000,0x00000000eaa00000)
 ParOldGen       total 166400K, used 80215K [0x0000000080000000, 0x000000008a280000, 0x00000000d5580000)
  object space 166400K, 48% used [0x0000000080000000,0x0000000084e55d48,0x000000008a280000)
 Metaspace       used 80699K, capacity 82996K, committed 83288K, reserved 1122304K
  class space    used 10301K, capacity 10817K, committed 10880K, reserved 1048576K
}
Event: 70.355 GC heap before
{Heap before GC invocations=29 (full 4):
 PSYoungGen      total 345600K, used 321704K [0x00000000d5580000, 0x00000000ed380000, 0x0000000100000000)
  eden space 306176K, 95% used [0x00000000d5580000,0x00000000e7420e20,0x00000000e8080000)
  from space 39424K, 71% used [0x00000000ead00000,0x00000000ec889330,0x00000000ed380000)
  to   space 42496K, 0% used [0x00000000e8080000,0x00000000e8080000,0x00000000eaa00000)
 ParOldGen       total 166400K, used 80215K [0x0000000080000000, 0x000000008a280000, 0x00000000d5580000)
  object space 166400K, 48% used [0x0000000080000000,0x0000000084e55d48,0x000000008a280000)
 Metaspace       used 82868K, capacity 85316K, committed 85720K, reserved 1124352K
  class space    used 10602K, capacity 11147K, committed 11264K, reserved 1048576K
Event: 70.382 GC heap after
Heap after GC invocations=29 (full 4):
 PSYoungGen      total 348672K, used 13147K [0x00000000d5580000, 0x00000000f0b00000, 0x0000000100000000)
  eden space 306176K, 0% used [0x00000000d5580000,0x00000000d5580000,0x00000000e8080000)
  from space 42496K, 30% used [0x00000000e8080000,0x00000000e8d56d60,0x00000000eaa00000)
  to   space 39936K, 0% used [0x00000000ee400000,0x00000000ee400000,0x00000000f0b00000)
 ParOldGen       total 166400K, used 86339K [0x0000000080000000, 0x000000008a280000, 0x00000000d5580000)
  object space 166400K, 51% used [0x0000000080000000,0x0000000085450e48,0x000000008a280000)
 Metaspace       used 82868K, capacity 85316K, committed 85720K, reserved 1124352K
  class space    used 10602K, capacity 11147K, committed 11264K, reserved 1048576K
}
Event: 70.751 GC heap before
{Heap before GC invocations=30 (full 4):
 PSYoungGen      total 348672K, used 306069K [0x00000000d5580000, 0x00000000f0b00000, 0x0000000100000000)
  eden space 306176K, 95% used [0x00000000d5580000,0x00000000e738e7a0,0x00000000e8080000)
  from space 42496K, 30% used [0x00000000e8080000,0x00000000e8d56d60,0x00000000eaa00000)
  to   space 39936K, 0% used [0x00000000ee400000,0x00000000ee400000,0x00000000f0b00000)
 ParOldGen       total 166400K, used 86339K [0x0000000080000000, 0x000000008a280000, 0x00000000d5580000)
  object space 166400K, 51% used [0x0000000080000000,0x0000000085450e48,0x000000008a280000)
 Metaspace       used 84051K, capacity 86560K, committed 86872K, reserved 1124352K
  class space    used 10755K, capacity 11293K, committed 11392K, reserved 1048576K
Event: 70.769 GC heap after
Heap after GC invocations=30 (full 4):
 PSYoungGen      total 404992K, used 12954K [0x00000000d5580000, 0x00000000f0700000, 0x0000000100000000)
  eden space 369152K, 0% used [0x00000000d5580000,0x00000000d5580000,0x00000000ebe00000)
  from space 35840K, 36% used [0x00000000ee400000,0x00000000ef0a6828,0x00000000f0700000)
  to   space 37376K, 0% used [0x00000000ebe00000,0x00000000ebe00000,0x00000000ee280000)
 ParOldGen       total 166400K, used 87235K [0x0000000080000000, 0x000000008a280000, 0x00000000d5580000)
  object space 166400K, 52% used [0x0000000080000000,0x0000000085530ff0,0x000000008a280000)
 Metaspace       used 84051K, capacity 86560K, committed 86872K, reserved 1124352K
  class space    used 10755K, capacity 11293K, committed 11392K, reserved 1048576K
}

