# JRE version: OpenJDK Runtime Environment (8.0_152-b01) (build 1.8.0_152-release-915-b01)
# Java VM: OpenJDK 64-Bit Server VM (25.152-b01 mixed mode windows-amd64 compressed oops)
Heap:
 PSYoungGen      total 224768K, used 187057K [0x00000000e0000000, 0x00000000efd00000, 0x0000000100000000)
  eden space 201728K, 82% used [0x00000000e0000000,0x00000000ea34fd80,0x00000000ec500000)
  from space 23040K, 86% used [0x00000000ee680000,0x00000000ef9dca60,0x00000000efd00000)
  to   space 28672K, 0% used [0x00000000ec500000,0x00000000ec500000,0x00000000ee100000)
 ParOldGen       total 98304K, used 41330K [0x00000000a0000000, 0x00000000a6000000, 0x00000000e0000000)
  object space 98304K, 42% used [0x00000000a0000000,0x00000000a285c978,0x00000000a6000000)
 Metaspace       used 73481K, capacity 76882K, committed 77272K, reserved 1116160K
  class space    used 9527K, capacity 10369K, committed 10496K, reserved 1048576K
GC Heap History (10 events):
Event: 15.394 GC heap before
{Heap before GC invocations=15 (full 2):
 PSYoungGen      total 134656K, used 37965K [0x00000000e0000000, 0x00000000ea580000, 0x0000000100000000)
  eden space 119808K, 19% used [0x00000000e0000000,0x00000000e16979d0,0x00000000e7500000)
  from space 14848K, 99% used [0x00000000e8900000,0x00000000e977bbc8,0x00000000e9780000)
  to   space 20480K, 0% used [0x00000000e7500000,0x00000000e7500000,0x00000000e8900000)
 ParOldGen       total 65024K, used 28101K [0x00000000a0000000, 0x00000000a3f80000, 0x00000000e0000000)
  object space 65024K, 43% used [0x00000000a0000000,0x00000000a1b716d0,0x00000000a3f80000)
 Metaspace       used 56850K, capacity 58798K, committed 58968K, reserved 1099776K
  class space    used 7703K, capacity 8196K, committed 8320K, reserved 1048576K
Event: 15.415 GC heap after
Heap after GC invocations=15 (full 2):
 PSYoungGen      total 140288K, used 16727K [0x00000000e0000000, 0x00000000ec980000, 0x0000000100000000)
  eden space 119808K, 0% used [0x00000000e0000000,0x00000000e0000000,0x00000000e7500000)
  from space 20480K, 81% used [0x00000000e7500000,0x00000000e8555f50,0x00000000e8900000)
  to   space 22016K, 0% used [0x00000000eb400000,0x00000000eb400000,0x00000000ec980000)
 ParOldGen       total 65024K, used 28109K [0x00000000a0000000, 0x00000000a3f80000, 0x00000000e0000000)
  object space 65024K, 43% used [0x00000000a0000000,0x00000000a1b736d0,0x00000000a3f80000)
 Metaspace       used 56850K, capacity 58798K, committed 58968K, reserved 1099776K
  class space    used 7703K, capacity 8196K, committed 8320K, reserved 1048576K
}
Event: 15.415 GC heap before
{Heap before GC invocations=16 (full 3):
 PSYoungGen      total 140288K, used 16727K [0x00000000e0000000, 0x00000000ec980000, 0x0000000100000000)
  eden space 119808K, 0% used [0x00000000e0000000,0x00000000e0000000,0x00000000e7500000)
  from space 20480K, 81% used [0x00000000e7500000,0x00000000e8555f50,0x00000000e8900000)
  to   space 22016K, 0% used [0x00000000eb400000,0x00000000eb400000,0x00000000ec980000)
 ParOldGen       total 65024K, used 28109K [0x00000000a0000000, 0x00000000a3f80000, 0x00000000e0000000)
  object space 65024K, 43% used [0x00000000a0000000,0x00000000a1b736d0,0x00000000a3f80000)
 Metaspace       used 56850K, capacity 58798K, committed 58968K, reserved 1099776K
  class space    used 7703K, capacity 8196K, committed 8320K, reserved 1048576K
Event: 15.632 GC heap after
Heap after GC invocations=16 (full 3):
 PSYoungGen      total 140288K, used 0K [0x00000000e0000000, 0x00000000ec980000, 0x0000000100000000)
  eden space 119808K, 0% used [0x00000000e0000000,0x00000000e0000000,0x00000000e7500000)
  from space 20480K, 0% used [0x00000000e7500000,0x00000000e7500000,0x00000000e8900000)
  to   space 22016K, 0% used [0x00000000eb400000,0x00000000eb400000,0x00000000ec980000)
 ParOldGen       total 98304K, used 35384K [0x00000000a0000000, 0x00000000a6000000, 0x00000000e0000000)
  object space 98304K, 35% used [0x00000000a0000000,0x00000000a228e1f0,0x00000000a6000000)
 Metaspace       used 56850K, capacity 58798K, committed 58968K, reserved 1099776K
  class space    used 7703K, capacity 8196K, committed 8320K, reserved 1048576K
}
Event: 17.607 GC heap before
{Heap before GC invocations=17 (full 3):
 PSYoungGen      total 140288K, used 119808K [0x00000000e0000000, 0x00000000ec980000, 0x0000000100000000)
  eden space 119808K, 100% used [0x00000000e0000000,0x00000000e7500000,0x00000000e7500000)
  from space 20480K, 0% used [0x00000000e7500000,0x00000000e7500000,0x00000000e8900000)
  to   space 22016K, 0% used [0x00000000eb400000,0x00000000eb400000,0x00000000ec980000)
 ParOldGen       total 98304K, used 35384K [0x00000000a0000000, 0x00000000a6000000, 0x00000000e0000000)
  object space 98304K, 35% used [0x00000000a0000000,0x00000000a228e1f0,0x00000000a6000000)
 Metaspace       used 58631K, capacity 60788K, committed 61016K, reserved 1101824K
  class space    used 7928K, capacity 8507K, committed 8576K, reserved 1048576K
Event: 17.663 GC heap after
Heap after GC invocations=17 (full 3):
 PSYoungGen      total 180224K, used 12416K [0x00000000e0000000, 0x00000000ec780000, 0x0000000100000000)
  eden space 160256K, 0% used [0x00000000e0000000,0x00000000e0000000,0x00000000e9c80000)
  from space 19968K, 62% used [0x00000000eb400000,0x00000000ec020000,0x00000000ec780000)
  to   space 22016K, 0% used [0x00000000e9c80000,0x00000000e9c80000,0x00000000eb200000)
 ParOldGen       total 98304K, used 35392K [0x00000000a0000000, 0x00000000a6000000, 0x00000000e0000000)
  object space 98304K, 36% used [0x00000000a0000000,0x00000000a22901f0,0x00000000a6000000)
 Metaspace       used 58631K, capacity 60788K, committed 61016K, reserved 1101824K
  class space    used 7928K, capacity 8507K, committed 8576K, reserved 1048576K
}
Event: 25.250 GC heap before
{Heap before GC invocations=18 (full 3):
 PSYoungGen      total 180224K, used 172672K [0x00000000e0000000, 0x00000000ec780000, 0x0000000100000000)
  eden space 160256K, 100% used [0x00000000e0000000,0x00000000e9c80000,0x00000000e9c80000)
  from space 19968K, 62% used [0x00000000eb400000,0x00000000ec020000,0x00000000ec780000)
  to   space 22016K, 0% used [0x00000000e9c80000,0x00000000e9c80000,0x00000000eb200000)
 ParOldGen       total 98304K, used 35392K [0x00000000a0000000, 0x00000000a6000000, 0x00000000e0000000)
  object space 98304K, 36% used [0x00000000a0000000,0x00000000a22901f0,0x00000000a6000000)
 Metaspace       used 64952K, capacity 67778K, committed 67928K, reserved 1107968K
  class space    used 8581K, capacity 9269K, committed 9344K, reserved 1048576K
Event: 25.287 GC heap after
Heap after GC invocations=18 (full 3):
 PSYoungGen      total 182272K, used 22000K [0x00000000e0000000, 0x00000000f0180000, 0x0000000100000000)
  eden space 160256K, 0% used [0x00000000e0000000,0x00000000e0000000,0x00000000e9c80000)
  from space 22016K, 99% used [0x00000000e9c80000,0x00000000eb1fc060,0x00000000eb200000)
  to   space 27648K, 0% used [0x00000000ee680000,0x00000000ee680000,0x00000000f0180000)
 ParOldGen       total 98304K, used 41322K [0x00000000a0000000, 0x00000000a6000000, 0x00000000e0000000)
  object space 98304K, 42% used [0x00000000a0000000,0x00000000a285a978,0x00000000a6000000)
 Metaspace       used 64952K, capacity 67778K, committed 67928K, reserved 1107968K
  class space    used 8581K, capacity 9269K, committed 9344K, reserved 1048576K
}
Event: 103.559 GC heap before
{Heap before GC invocations=19 (full 3):
 PSYoungGen      total 182272K, used 182256K [0x00000000e0000000, 0x00000000f0180000, 0x0000000100000000)
  eden space 160256K, 100% used [0x00000000e0000000,0x00000000e9c80000,0x00000000e9c80000)
  from space 22016K, 99% used [0x00000000e9c80000,0x00000000eb1fc060,0x00000000eb200000)
  to   space 27648K, 0% used [0x00000000ee680000,0x00000000ee680000,0x00000000f0180000)
 ParOldGen       total 98304K, used 41322K [0x00000000a0000000, 0x00000000a6000000, 0x00000000e0000000)
  object space 98304K, 42% used [0x00000000a0000000,0x00000000a285a978,0x00000000a6000000)
 Metaspace       used 67137K, capacity 70414K, committed 70616K, reserved 1110016K
  class space    used 8824K, capacity 9611K, committed 9728K, reserved 1048576K
Event: 103.582 GC heap after
Heap after GC invocations=19 (full 3):
 PSYoungGen      total 224768K, used 19826K [0x00000000e0000000, 0x00000000efd00000, 0x0000000100000000)
  eden space 201728K, 0% used [0x00000000e0000000,0x00000000e0000000,0x00000000ec500000)
  from space 23040K, 86% used [0x00000000ee680000,0x00000000ef9dca60,0x00000000efd00000)
  to   space 28672K, 0% used [0x00000000ec500000,0x00000000ec500000,0x00000000ee100000)
 ParOldGen       total 98304K, used 41330K [0x00000000a0000000, 0x00000000a6000000, 0x00000000e0000000)
  object space 98304K, 42% used [0x00000000a0000000,0x00000000a285c978,0x00000000a6000000)
 Metaspace       used 67137K, capacity 70414K, committed 70616K, reserved 1110016K
  class space    used 8824K, capacity 9611K, committed 9728K, reserved 1048576K
}

