# JRE version: OpenJDK Runtime Environment (8.0_152-b01) (build 1.8.0_152-release-915-b01)
# Java VM: OpenJDK 64-Bit Server VM (25.152-b01 mixed mode windows-amd64 compressed oops)
Heap:
 PSYoungGen      total 57856K, used 7703K [0x00000000d5580000, 0x00000000d9b00000, 0x0000000100000000)
  eden space 46080K, 16% used [0x00000000d5580000,0x00000000d5d05fd0,0x00000000d8280000)
  from space 11776K, 0% used [0x00000000d8280000,0x00000000d8280000,0x00000000d8e00000)
  to   space 11776K, 0% used [0x00000000d8f80000,0x00000000d8f80000,0x00000000d9b00000)
 ParOldGen       total 42496K, used 15267K [0x0000000080000000, 0x0000000082980000, 0x00000000d5580000)
  object space 42496K, 35% used [0x0000000080000000,0x0000000080ee8ff8,0x0000000082980000)
 Metaspace       used 38178K, capacity 39010K, committed 39128K, reserved 1087488K
  class space    used 5181K, capacity 5526K, committed 5632K, reserved 1048576K
GC Heap History (10 events):
Event: 18.323 GC heap before
{Heap before GC invocations=16 (full 3):
 PSYoungGen      total 57856K, used 2484K [0x00000000d5580000, 0x00000000da100000, 0x0000000100000000)
  eden space 46592K, 0% used [0x00000000d5580000,0x00000000d5580000,0x00000000d8300000)
  from space 11264K, 22% used [0x00000000d8300000,0x00000000d856d138,0x00000000d8e00000)
  to   space 10752K, 0% used [0x00000000d8e00000,0x00000000d8e00000,0x00000000d9880000)
 ParOldGen       total 42496K, used 14653K [0x0000000080000000, 0x0000000082980000, 0x00000000d5580000)
  object space 42496K, 34% used [0x0000000080000000,0x0000000080e4f6e8,0x0000000082980000)
 Metaspace       used 37522K, capacity 38370K, committed 38488K, reserved 1087488K
  class space    used 5073K, capacity 5398K, committed 5504K, reserved 1048576K
Event: 18.489 GC heap after
Heap after GC invocations=16 (full 3):
 PSYoungGen      total 57856K, used 0K [0x00000000d5580000, 0x00000000da100000, 0x0000000100000000)
  eden space 46592K, 0% used [0x00000000d5580000,0x00000000d5580000,0x00000000d8300000)
  from space 11264K, 0% used [0x00000000d8300000,0x00000000d8300000,0x00000000d8e00000)
  to   space 10752K, 0% used [0x00000000d8e00000,0x00000000d8e00000,0x00000000d9880000)
 ParOldGen       total 42496K, used 16592K [0x0000000080000000, 0x0000000082980000, 0x00000000d5580000)
  object space 42496K, 39% used [0x0000000080000000,0x00000000810340c0,0x0000000082980000)
 Metaspace       used 37522K, capacity 38370K, committed 38488K, reserved 1085440K
  class space    used 5073K, capacity 5398K, committed 5504K, reserved 1048576K
}
Event: 18.489 GC heap before
{Heap before GC invocations=17 (full 3):
 PSYoungGen      total 57856K, used 0K [0x00000000d5580000, 0x00000000da100000, 0x0000000100000000)
  eden space 46592K, 0% used [0x00000000d5580000,0x00000000d5580000,0x00000000d8300000)
  from space 11264K, 0% used [0x00000000d8300000,0x00000000d8300000,0x00000000d8e00000)
  to   space 10752K, 0% used [0x00000000d8e00000,0x00000000d8e00000,0x00000000d9880000)
 ParOldGen       total 42496K, used 16592K [0x0000000080000000, 0x0000000082980000, 0x00000000d5580000)
  object space 42496K, 39% used [0x0000000080000000,0x00000000810340c0,0x0000000082980000)
 Metaspace       used 37522K, capacity 38370K, committed 38488K, reserved 1089536K
  class space    used 5073K, capacity 5398K, committed 5504K, reserved 1048576K
Event: 18.490 GC heap after
Heap after GC invocations=17 (full 3):
 PSYoungGen      total 56832K, used 0K [0x00000000d5580000, 0x00000000da000000, 0x0000000100000000)
  eden space 46080K, 0% used [0x00000000d5580000,0x00000000d5580000,0x00000000d8280000)
  from space 10752K, 0% used [0x00000000d8e00000,0x00000000d8e00000,0x00000000d9880000)
  to   space 11776K, 0% used [0x00000000d8280000,0x00000000d8280000,0x00000000d8e00000)
 ParOldGen       total 42496K, used 16592K [0x0000000080000000, 0x0000000082980000, 0x00000000d5580000)
  object space 42496K, 39% used [0x0000000080000000,0x00000000810340c0,0x0000000082980000)
 Metaspace       used 37522K, capacity 38370K, committed 38488K, reserved 1089536K
  class space    used 5073K, capacity 5398K, committed 5504K, reserved 1048576K
}
Event: 18.490 GC heap before
{Heap before GC invocations=18 (full 4):
 PSYoungGen      total 56832K, used 0K [0x00000000d5580000, 0x00000000da000000, 0x0000000100000000)
  eden space 46080K, 0% used [0x00000000d5580000,0x00000000d5580000,0x00000000d8280000)
  from space 10752K, 0% used [0x00000000d8e00000,0x00000000d8e00000,0x00000000d9880000)
  to   space 11776K, 0% used [0x00000000d8280000,0x00000000d8280000,0x00000000d8e00000)
 ParOldGen       total 42496K, used 16592K [0x0000000080000000, 0x0000000082980000, 0x00000000d5580000)
  object space 42496K, 39% used [0x0000000080000000,0x00000000810340c0,0x0000000082980000)
 Metaspace       used 37522K, capacity 38370K, committed 38488K, reserved 1089536K
  class space    used 5073K, capacity 5398K, committed 5504K, reserved 1048576K
Event: 18.539 GC heap after
Heap after GC invocations=18 (full 4):
 PSYoungGen      total 56832K, used 0K [0x00000000d5580000, 0x00000000da000000, 0x0000000100000000)
  eden space 46080K, 0% used [0x00000000d5580000,0x00000000d5580000,0x00000000d8280000)
  from space 10752K, 0% used [0x00000000d8e00000,0x00000000d8e00000,0x00000000d9880000)
  to   space 11776K, 0% used [0x00000000d8280000,0x00000000d8280000,0x00000000d8e00000)
 ParOldGen       total 42496K, used 15899K [0x0000000080000000, 0x0000000082980000, 0x00000000d5580000)
  object space 42496K, 37% used [0x0000000080000000,0x0000000080f86f10,0x0000000082980000)
 Metaspace       used 37522K, capacity 38370K, committed 38488K, reserved 1085440K
  class space    used 5073K, capacity 5398K, committed 5504K, reserved 1048576K
}
Event: 18.670 GC heap before
{Heap before GC invocations=19 (full 4):
 PSYoungGen      total 56832K, used 4513K [0x00000000d5580000, 0x00000000da000000, 0x0000000100000000)
  eden space 46080K, 9% used [0x00000000d5580000,0x00000000d59e8778,0x00000000d8280000)
  from space 10752K, 0% used [0x00000000d8e00000,0x00000000d8e00000,0x00000000d9880000)
  to   space 11776K, 0% used [0x00000000d8280000,0x00000000d8280000,0x00000000d8e00000)
 ParOldGen       total 42496K, used 15899K [0x0000000080000000, 0x0000000082980000, 0x00000000d5580000)
  object space 42496K, 37% used [0x0000000080000000,0x0000000080f86f10,0x0000000082980000)
 Metaspace       used 37844K, capacity 38690K, committed 38744K, reserved 1089536K
  class space    used 5124K, capacity 5462K, committed 5504K, reserved 1048576K
Event: 18.672 GC heap after
Heap after GC invocations=19 (full 4):
 PSYoungGen      total 57856K, used 488K [0x00000000d5580000, 0x00000000d9b00000, 0x0000000100000000)
  eden space 46080K, 0% used [0x00000000d5580000,0x00000000d5580000,0x00000000d8280000)
  from space 11776K, 4% used [0x00000000d8280000,0x00000000d82fa3e8,0x00000000d8e00000)
  to   space 11776K, 0% used [0x00000000d8f80000,0x00000000d8f80000,0x00000000d9b00000)
 ParOldGen       total 42496K, used 15907K [0x0000000080000000, 0x0000000082980000, 0x00000000d5580000)
  object space 42496K, 37% used [0x0000000080000000,0x0000000080f88f10,0x0000000082980000)
 Metaspace       used 37844K, capacity 38690K, committed 38744K, reserved 1089536K
  class space    used 5124K, capacity 5462K, committed 5504K, reserved 1048576K
}
Event: 18.672 GC heap before
{Heap before GC invocations=20 (full 5):
 PSYoungGen      total 57856K, used 488K [0x00000000d5580000, 0x00000000d9b00000, 0x0000000100000000)
  eden space 46080K, 0% used [0x00000000d5580000,0x00000000d5580000,0x00000000d8280000)
  from space 11776K, 4% used [0x00000000d8280000,0x00000000d82fa3e8,0x00000000d8e00000)
  to   space 11776K, 0% used [0x00000000d8f80000,0x00000000d8f80000,0x00000000d9b00000)
 ParOldGen       total 42496K, used 15907K [0x0000000080000000, 0x0000000082980000, 0x00000000d5580000)
  object space 42496K, 37% used [0x0000000080000000,0x0000000080f88f10,0x0000000082980000)
 Metaspace       used 37844K, capacity 38690K, committed 38744K, reserved 1089536K
  class space    used 5124K, capacity 5462K, committed 5504K, reserved 1048576K
Event: 18.725 GC heap after
Heap after GC invocations=20 (full 5):
 PSYoungGen      total 57856K, used 0K [0x00000000d5580000, 0x00000000d9b00000, 0x0000000100000000)
  eden space 46080K, 0% used [0x00000000d5580000,0x00000000d5580000,0x00000000d8280000)
  from space 11776K, 0% used [0x00000000d8280000,0x00000000d8280000,0x00000000d8e00000)
  to   space 11776K, 0% used [0x00000000d8f80000,0x00000000d8f80000,0x00000000d9b00000)
 ParOldGen       total 42496K, used 15267K [0x0000000080000000, 0x0000000082980000, 0x00000000d5580000)
  object space 42496K, 35% used [0x0000000080000000,0x0000000080ee8ff8,0x0000000082980000)
 Metaspace       used 37844K, capacity 38690K, committed 38744K, reserved 1087488K
  class space    used 5124K, capacity 5462K, committed 5504K, reserved 1048576K
}

